<?xml version="1.0" encoding="UTF-8"?>
<testsuite name="com.codeoftheweb.salvo.SalvoApplicationTests" tests="1" skipped="0" failures="0" errors="0" timestamp="2020-03-23T15:21:49" hostname="Dellindo" time="0.173">
  <properties/>
  <testcase name="contextLoads()" classname="com.codeoftheweb.salvo.SalvoApplicationTests" time="0.173"/>
  <system-out><![CDATA[12:21:33.215 [Test worker] DEBUG org.springframework.test.context.BootstrapUtils - Instantiating CacheAwareContextLoaderDelegate from class [org.springframework.test.context.cache.DefaultCacheAwareContextLoaderDelegate]
12:21:33.230 [Test worker] DEBUG org.springframework.test.context.BootstrapUtils - Instantiating BootstrapContext using constructor [public org.springframework.test.context.support.DefaultBootstrapContext(java.lang.Class,org.springframework.test.context.CacheAwareContextLoaderDelegate)]
12:21:33.293 [Test worker] DEBUG org.springframework.test.context.BootstrapUtils - Instantiating TestContextBootstrapper for test class [com.codeoftheweb.salvo.SalvoApplicationTests] from class [org.springframework.boot.test.context.SpringBootTestContextBootstrapper]
12:21:33.308 [Test worker] INFO org.springframework.boot.test.context.SpringBootTestContextBootstrapper - Neither @ContextConfiguration nor @ContextHierarchy found for test class [com.codeoftheweb.salvo.SalvoApplicationTests], using SpringBootContextLoader
12:21:33.324 [Test worker] DEBUG org.springframework.test.context.support.AbstractContextLoader - Did not detect default resource location for test class [com.codeoftheweb.salvo.SalvoApplicationTests]: class path resource [com/codeoftheweb/salvo/SalvoApplicationTests-context.xml] does not exist
12:21:33.324 [Test worker] DEBUG org.springframework.test.context.support.AbstractContextLoader - Did not detect default resource location for test class [com.codeoftheweb.salvo.SalvoApplicationTests]: class path resource [com/codeoftheweb/salvo/SalvoApplicationTestsContext.groovy] does not exist
12:21:33.324 [Test worker] INFO org.springframework.test.context.support.AbstractContextLoader - Could not detect default resource locations for test class [com.codeoftheweb.salvo.SalvoApplicationTests]: no resource found for suffixes {-context.xml, Context.groovy}.
12:21:33.324 [Test worker] INFO org.springframework.test.context.support.AnnotationConfigContextLoaderUtils - Could not detect default configuration classes for test class [com.codeoftheweb.salvo.SalvoApplicationTests]: SalvoApplicationTests does not declare any static, non-private, non-final, nested classes annotated with @Configuration.
12:21:33.402 [Test worker] DEBUG org.springframework.test.context.support.ActiveProfilesUtils - Could not find an 'annotation declaring class' for annotation type [org.springframework.test.context.ActiveProfiles] and class [com.codeoftheweb.salvo.SalvoApplicationTests]
12:21:33.744 [Test worker] DEBUG org.springframework.context.annotation.ClassPathScanningCandidateComponentProvider - Identified candidate component class: file [C:\Users\minhaconta\Documents\SUPERCODER\JAVA\salvo\build\classes\java\main\com\codeoftheweb\salvo\SalvoApplication.class]
12:21:33.881 [Test worker] INFO org.springframework.boot.test.context.SpringBootTestContextBootstrapper - Found @SpringBootConfiguration com.codeoftheweb.salvo.SalvoApplication for test class com.codeoftheweb.salvo.SalvoApplicationTests
12:21:34.095 [Test worker] DEBUG org.springframework.boot.test.context.SpringBootTestContextBootstrapper - @TestExecutionListeners is not present for class [com.codeoftheweb.salvo.SalvoApplicationTests]: using defaults.
12:21:34.097 [Test worker] INFO org.springframework.boot.test.context.SpringBootTestContextBootstrapper - Loaded default TestExecutionListener class names from location [META-INF/spring.factories]: [org.springframework.boot.test.autoconfigure.restdocs.RestDocsTestExecutionListener, org.springframework.boot.test.autoconfigure.web.client.MockRestServiceServerResetTestExecutionListener, org.springframework.boot.test.autoconfigure.web.servlet.MockMvcPrintOnlyOnFailureTestExecutionListener, org.springframework.boot.test.autoconfigure.web.servlet.WebDriverTestExecutionListener, org.springframework.boot.test.mock.mockito.MockitoTestExecutionListener, org.springframework.boot.test.mock.mockito.ResetMocksTestExecutionListener, org.springframework.test.context.web.ServletTestExecutionListener, org.springframework.test.context.support.DirtiesContextBeforeModesTestExecutionListener, org.springframework.test.context.support.DependencyInjectionTestExecutionListener, org.springframework.test.context.support.DirtiesContextTestExecutionListener, org.springframework.test.context.transaction.TransactionalTestExecutionListener, org.springframework.test.context.jdbc.SqlScriptsTestExecutionListener, org.springframework.test.context.event.EventPublishingTestExecutionListener]
12:21:34.130 [Test worker] INFO org.springframework.boot.test.context.SpringBootTestContextBootstrapper - Using TestExecutionListeners: [org.springframework.test.context.web.ServletTestExecutionListener@18396b2f, org.springframework.test.context.support.DirtiesContextBeforeModesTestExecutionListener@36e4f7ac, org.springframework.boot.test.mock.mockito.MockitoTestExecutionListener@1657e11c, org.springframework.boot.test.autoconfigure.SpringBootDependencyInjectionTestExecutionListener@32cbc49c, org.springframework.test.context.support.DirtiesContextTestExecutionListener@6178a1f9, org.springframework.test.context.transaction.TransactionalTestExecutionListener@703063ed, org.springframework.test.context.jdbc.SqlScriptsTestExecutionListener@59c633f6, org.springframework.test.context.event.EventPublishingTestExecutionListener@35c5e376, org.springframework.boot.test.autoconfigure.restdocs.RestDocsTestExecutionListener@1116fb5e, org.springframework.boot.test.autoconfigure.web.client.MockRestServiceServerResetTestExecutionListener@62cacd9a, org.springframework.boot.test.autoconfigure.web.servlet.MockMvcPrintOnlyOnFailureTestExecutionListener@a7b1bb6, org.springframework.boot.test.autoconfigure.web.servlet.WebDriverTestExecutionListener@10bf87dc, org.springframework.boot.test.mock.mockito.ResetMocksTestExecutionListener@3655529e]
12:21:34.140 [Test worker] DEBUG org.springframework.test.context.support.AbstractDirtiesContextTestExecutionListener - Before test class: context [DefaultTestContext@226fc4af testClass = SalvoApplicationTests, testInstance = [null], testMethod = [null], testException = [null], mergedContextConfiguration = [WebMergedContextConfiguration@2f854bbb testClass = SalvoApplicationTests, locations = '{}', classes = '{class com.codeoftheweb.salvo.SalvoApplication}', contextInitializerClasses = '[]', activeProfiles = '{}', propertySourceLocations = '{}', propertySourceProperties = '{org.springframework.boot.test.context.SpringBootTestContextBootstrapper=true}', contextCustomizers = set[org.springframework.boot.test.autoconfigure.properties.PropertyMappingContextCustomizer@0, org.springframework.boot.test.autoconfigure.web.servlet.WebDriverContextCustomizerFactory$Customizer@1850874e, org.springframework.boot.test.context.filter.ExcludeFilterContextCustomizer@3256207e, org.springframework.boot.test.json.DuplicateJsonObjectContextCustomizerFactory$DuplicateJsonObjectContextCustomizer@71251ef7, org.springframework.boot.test.mock.mockito.MockitoContextCustomizer@0, org.springframework.boot.test.web.client.TestRestTemplateContextCustomizer@ba3724c], resourceBasePath = 'src/main/webapp', contextLoader = 'org.springframework.boot.test.context.SpringBootContextLoader', parent = [null]], attributes = map['org.springframework.test.context.web.ServletTestExecutionListener.activateListener' -> true]], class annotated with @DirtiesContext [false] with mode [null].
12:21:34.198 [Test worker] DEBUG org.springframework.test.context.support.TestPropertySourceUtils - Adding inlined properties to environment: {spring.jmx.enabled=false, org.springframework.boot.test.context.SpringBootTestContextBootstrapper=true, server.port=-1}

  .   ____          _            __ _ _
 /\\ / ___'_ __ _ _(_)_ __  __ _ \ \ \ \
( ( )\___ | '_ | '_| | '_ \/ _` | \ \ \ \
 \\/  ___)| |_)| | | | | || (_| |  ) ) ) )
  '  |____| .__|_| |_|_| |_\__, | / / / /
 =========|_|==============|___/=/_/_/_/
 :: Spring Boot ::        (v2.2.4.RELEASE)

2020-03-23 12:21:34.844  INFO 15076 --- [    Test worker] c.c.salvo.SalvoApplicationTests          : Starting SalvoApplicationTests on Dellindo with PID 15076 (started by minhaconta in C:\Users\minhaconta\Documents\SUPERCODER\JAVA\salvo)
2020-03-23 12:21:34.844  INFO 15076 --- [    Test worker] c.c.salvo.SalvoApplicationTests          : No active profile set, falling back to default profiles: default
2020-03-23 12:21:37.117  INFO 15076 --- [    Test worker] .s.d.r.c.RepositoryConfigurationDelegate : Bootstrapping Spring Data JPA repositories in DEFAULT mode.
2020-03-23 12:21:37.289  INFO 15076 --- [    Test worker] .s.d.r.c.RepositoryConfigurationDelegate : Finished Spring Data repository scanning in 148ms. Found 6 JPA repository interfaces.
2020-03-23 12:21:38.445  INFO 15076 --- [    Test worker] trationDelegate$BeanPostProcessorChecker : Bean 'org.springframework.transaction.annotation.ProxyTransactionManagementConfiguration' of type [org.springframework.transaction.annotation.ProxyTransactionManagementConfiguration] is not eligible for getting processed by all BeanPostProcessors (for example: not eligible for auto-proxying)
2020-03-23 12:21:38.820  INFO 15076 --- [    Test worker] com.zaxxer.hikari.HikariDataSource       : HikariPool-1 - Starting...
2020-03-23 12:21:39.295  INFO 15076 --- [    Test worker] com.zaxxer.hikari.HikariDataSource       : HikariPool-1 - Start completed.
2020-03-23 12:21:39.451  INFO 15076 --- [    Test worker] o.hibernate.jpa.internal.util.LogHelper  : HHH000204: Processing PersistenceUnitInfo [name: default]
2020-03-23 12:21:39.607  INFO 15076 --- [    Test worker] org.hibernate.Version                    : HHH000412: Hibernate Core {5.4.10.Final}
2020-03-23 12:21:39.873  INFO 15076 --- [    Test worker] o.hibernate.annotations.common.Version   : HCANN000001: Hibernate Commons Annotations {5.1.0.Final}
2020-03-23 12:21:40.185  INFO 15076 --- [    Test worker] org.hibernate.dialect.Dialect            : HHH000400: Using dialect: org.hibernate.dialect.H2Dialect
2020-03-23 12:21:42.033  INFO 15076 --- [    Test worker] o.h.e.t.j.p.i.JtaPlatformInitiator       : HHH000490: Using JtaPlatform implementation: [org.hibernate.engine.transaction.jta.platform.internal.NoJtaPlatform]
2020-03-23 12:21:42.037  INFO 15076 --- [    Test worker] j.LocalContainerEntityManagerFactoryBean : Initialized JPA EntityManagerFactory for persistence unit 'default'
2020-03-23 12:21:43.094  WARN 15076 --- [    Test worker] JpaBaseConfiguration$JpaWebConfiguration : spring.jpa.open-in-view is enabled by default. Therefore, database queries may be performed during view rendering. Explicitly configure spring.jpa.open-in-view to disable this warning
2020-03-23 12:21:45.953  INFO 15076 --- [    Test worker] o.s.s.web.DefaultSecurityFilterChain     : Creating filter chain: any request, [org.springframework.security.web.context.request.async.WebAsyncManagerIntegrationFilter@7e7714ab, org.springframework.security.web.context.SecurityContextPersistenceFilter@699b1dc5, org.springframework.security.web.header.HeaderWriterFilter@27fbae1d, org.springframework.security.web.authentication.logout.LogoutFilter@5c997167, org.springframework.security.web.authentication.UsernamePasswordAuthenticationFilter@4b0d409d, org.springframework.security.web.savedrequest.RequestCacheAwareFilter@68ab355d, org.springframework.security.web.servletapi.SecurityContextHolderAwareRequestFilter@4b0205f8, org.springframework.security.web.authentication.AnonymousAuthenticationFilter@3371489d, org.springframework.security.web.session.SessionManagementFilter@f870ecc, org.springframework.security.web.access.ExceptionTranslationFilter@4273aac1, org.springframework.security.web.access.intercept.FilterSecurityInterceptor@335507f2]
2020-03-23 12:21:46.781  INFO 15076 --- [    Test worker] o.s.s.concurrent.ThreadPoolTaskExecutor  : Initializing ExecutorService 'applicationTaskExecutor'
2020-03-23 12:21:48.134  INFO 15076 --- [    Test worker] o.s.b.a.h2.H2ConsoleAutoConfiguration    : H2 console available at '/h2-console'. Database available at 'jdbc:h2:mem:testdb'
2020-03-23 12:21:48.433  INFO 15076 --- [    Test worker] c.c.salvo.SalvoApplicationTests          : Started SalvoApplicationTests in 14.213 seconds (JVM running for 16.938)
]]></system-out>
  <system-err><![CDATA[]]></system-err>
</testsuite>
